<?xml version="1.0" encoding="UTF-8"?>
<testng-results ignored="0" total="1" passed="1" failed="0" skipped="0">
  <reporter-output>
    <line>
      <![CDATA[Execution Started]]>
    </line>
    <line>
      <![CDATA[Chrome Browser Launched]]>
    </line>
    <line>
      <![CDATA[Performing Login]]>
    </line>
    <line>
      <![CDATA[Clicked my likes]]>
    </line>
    <line>
      <![CDATA[Closing Browser]]>
    </line>
    <line>
      <![CDATA[Execution Ended]]>
    </line>
  </reporter-output>
  <suite started-at="2024-09-24T10:47:39 CEST" name="Default suite" finished-at="2024-09-24T10:47:44 CEST" duration-ms="5874">
    <groups>
    </groups>
    <test started-at="2024-09-24T10:47:39 CEST" name="Default test" finished-at="2024-09-24T10:47:44 CEST" duration-ms="5874">
      <class name="testscripts.VerifyMyLikes">
        <test-method is-config="true" signature="extentReportSetUp()[pri:0, instance:testscripts.VerifyMyLikes@7e07db1f]" started-at="2024-09-24T10:47:38 CEST" name="extentReportSetUp" finished-at="2024-09-24T10:47:39 CEST" duration-ms="186" status="PASS">
          <reporter-output>
            <line>
              <![CDATA[Execution Started]]>
            </line>
          </reporter-output>
        </test-method> <!-- extentReportSetUp -->
        <test-method is-config="true" signature="launchingBrowser(java.lang.String)[pri:0, instance:testscripts.VerifyMyLikes@7e07db1f]" started-at="2024-09-24T10:47:39 CEST" name="launchingBrowser" finished-at="2024-09-24T10:47:40 CEST" duration-ms="1812" status="PASS">
          <params>
            <param index="0">
              <value>
                <![CDATA[Chrome]]>
              </value>
            </param>
          </params>
          <reporter-output>
            <line>
              <![CDATA[Chrome Browser Launched]]>
            </line>
          </reporter-output>
        </test-method> <!-- launchingBrowser -->
        <test-method is-config="true" signature="performingLogin(java.lang.reflect.Method)[pri:0, instance:testscripts.VerifyMyLikes@7e07db1f]" started-at="2024-09-24T10:47:40 CEST" name="performingLogin" finished-at="2024-09-24T10:47:42 CEST" duration-ms="1600" status="PASS">
          <params>
            <param index="0">
              <value>
                <![CDATA[public void testscripts.VerifyMyLikes.myLikesTestCase() throws org.apache.poi.EncryptedDocumentException,java.io.IOException]]>
              </value>
            </param>
          </params>
          <reporter-output>
            <line>
              <![CDATA[Performing Login]]>
            </line>
          </reporter-output>
        </test-method> <!-- performingLogin -->
        <test-method signature="myLikesTestCase()[pri:0, instance:testscripts.VerifyMyLikes@7e07db1f]" started-at="2024-09-24T10:47:42 CEST" name="myLikesTestCase" finished-at="2024-09-24T10:47:43 CEST" duration-ms="1246" status="PASS">
          <reporter-output>
            <line>
              <![CDATA[Clicked my likes]]>
            </line>
          </reporter-output>
        </test-method> <!-- myLikesTestCase -->
        <test-method is-config="true" signature="performingLogout()[pri:0, instance:testscripts.VerifyMyLikes@7e07db1f]" started-at="2024-09-24T10:47:43 CEST" name="performingLogout" finished-at="2024-09-24T10:47:44 CEST" duration-ms="1093" status="FAIL">
          <exception class="org.openqa.selenium.ElementClickInterceptedException">
            <message>
              <![CDATA[element click intercepted: Element <button class="MuiButtonBase-root MuiIconButton-root MuiIconButton-sizeSmall css-892d40" tabindex="0" type="button" aria-haspopup="true" aria-label="Account settings">...</button> is not clickable at point (1448, 33). Other element would receive the click: <div id="tqro3s2" class="Toastify__toast Toastify__toast-theme--light Toastify__toast--success" style="--nth: 1; --len: 1;">...</div>
  (Session info: chrome=129.0.6668.58)
Build info: version: '4.16.1', revision: '9b4c83354e'
System info: os.name: 'Windows 11', os.arch: 'amd64', os.version: '10.0', java.version: '21.0.1'
Driver info: org.openqa.selenium.chrome.ChromeDriver
Command: [1864aea27ecd9ad594de2663a7024c03, clickElement {id=f.672B19007A89953BD42F575B55D93F11.d.658FB242B6C41B4E2AB6084E7E241492.e.93}]
Capabilities {acceptInsecureCerts: false, browserName: chrome, browserVersion: 129.0.6668.58, chrome: {chromedriverVersion: 129.0.6668.58 (81a06fb873a9..., userDataDir: C:\Users\janet\AppData\Loca...}, fedcm:accounts: true, goog:chromeOptions: {debuggerAddress: localhost:50524}, networkConnectionEnabled: false, pageLoadStrategy: normal, platformName: windows, proxy: Proxy(), se:cdp: ws://localhost:50524/devtoo..., se:cdpVersion: 129.0.6668.58, setWindowRect: true, strictFileInteractability: false, timeouts: {implicit: 0, pageLoad: 300000, script: 30000}, unhandledPromptBehavior: dismiss and notify, webauthn:extension:credBlob: true, webauthn:extension:largeBlob: true, webauthn:extension:minPinLength: true, webauthn:extension:prf: true, webauthn:virtualAuthenticators: true}
Element: [[ChromeDriver: chrome on windows (1864aea27ecd9ad594de2663a7024c03)] -> xpath: //button[@aria-label='Account settings']]
Session ID: 1864aea27ecd9ad594de2663a7024c03]]>
            </message>
            <full-stacktrace>
              <![CDATA[org.openqa.selenium.ElementClickInterceptedException: element click intercepted: Element <button class="MuiButtonBase-root MuiIconButton-root MuiIconButton-sizeSmall css-892d40" tabindex="0" type="button" aria-haspopup="true" aria-label="Account settings">...</button> is not clickable at point (1448, 33). Other element would receive the click: <div id="tqro3s2" class="Toastify__toast Toastify__toast-theme--light Toastify__toast--success" style="--nth: 1; --len: 1;">...</div>
  (Session info: chrome=129.0.6668.58)
Build info: version: '4.16.1', revision: '9b4c83354e'
System info: os.name: 'Windows 11', os.arch: 'amd64', os.version: '10.0', java.version: '21.0.1'
Driver info: org.openqa.selenium.chrome.ChromeDriver
Command: [1864aea27ecd9ad594de2663a7024c03, clickElement {id=f.672B19007A89953BD42F575B55D93F11.d.658FB242B6C41B4E2AB6084E7E241492.e.93}]
Capabilities {acceptInsecureCerts: false, browserName: chrome, browserVersion: 129.0.6668.58, chrome: {chromedriverVersion: 129.0.6668.58 (81a06fb873a9..., userDataDir: C:\Users\janet\AppData\Loca...}, fedcm:accounts: true, goog:chromeOptions: {debuggerAddress: localhost:50524}, networkConnectionEnabled: false, pageLoadStrategy: normal, platformName: windows, proxy: Proxy(), se:cdp: ws://localhost:50524/devtoo..., se:cdpVersion: 129.0.6668.58, setWindowRect: true, strictFileInteractability: false, timeouts: {implicit: 0, pageLoad: 300000, script: 30000}, unhandledPromptBehavior: dismiss and notify, webauthn:extension:credBlob: true, webauthn:extension:largeBlob: true, webauthn:extension:minPinLength: true, webauthn:extension:prf: true, webauthn:virtualAuthenticators: true}
Element: [[ChromeDriver: chrome on windows (1864aea27ecd9ad594de2663a7024c03)] -> xpath: //button[@aria-label='Account settings']]
Session ID: 1864aea27ecd9ad594de2663a7024c03
at java.base/jdk.internal.reflect.DirectConstructorHandleAccessor.newInstance(DirectConstructorHandleAccessor.java:62)
at java.base/java.lang.reflect.Constructor.newInstanceWithCaller(Constructor.java:502)
at java.base/java.lang.reflect.Constructor.newInstance(Constructor.java:486)
at org.openqa.selenium.remote.codec.w3c.W3CHttpResponseCodec.createException(W3CHttpResponseCodec.java:200)
at org.openqa.selenium.remote.codec.w3c.W3CHttpResponseCodec.decode(W3CHttpResponseCodec.java:133)
at org.openqa.selenium.remote.codec.w3c.W3CHttpResponseCodec.decode(W3CHttpResponseCodec.java:52)
at org.openqa.selenium.remote.HttpCommandExecutor.execute(HttpCommandExecutor.java:191)
at org.openqa.selenium.remote.service.DriverCommandExecutor.invokeExecute(DriverCommandExecutor.java:200)
at org.openqa.selenium.remote.service.DriverCommandExecutor.execute(DriverCommandExecutor.java:175)
at org.openqa.selenium.remote.RemoteWebDriver.execute(RemoteWebDriver.java:523)
at org.openqa.selenium.remote.RemoteWebElement.execute(RemoteWebElement.java:224)
at org.openqa.selenium.remote.RemoteWebElement.click(RemoteWebElement.java:77)
at java.base/jdk.internal.reflect.DirectMethodHandleAccessor.invoke(DirectMethodHandleAccessor.java:103)
at java.base/java.lang.reflect.Method.invoke(Method.java:580)
at org.openqa.selenium.support.pagefactory.internal.LocatingElementHandler.invoke(LocatingElementHandler.java:51)
at jdk.proxy2/jdk.proxy2.$Proxy20.click(Unknown Source)
at element_Repository.BasePage.performLogout(BasePage.java:73)
at generic_Library.BaseTest.performingLogout(BaseTest.java:80)
at java.base/jdk.internal.reflect.DirectMethodHandleAccessor.invoke(DirectMethodHandleAccessor.java:103)
at java.base/java.lang.reflect.Method.invoke(Method.java:580)
at org.testng.internal.MethodInvocationHelper.invokeMethod(MethodInvocationHelper.java:133)
at org.testng.internal.MethodInvocationHelper.invokeMethodConsideringTimeout(MethodInvocationHelper.java:62)
at org.testng.internal.ConfigInvoker.invokeConfigurationMethod(ConfigInvoker.java:385)
at org.testng.internal.ConfigInvoker.invokeConfigurations(ConfigInvoker.java:321)
at org.testng.internal.TestInvoker.runConfigMethods(TestInvoker.java:700)
at org.testng.internal.TestInvoker.runAfterGroupsConfigurations(TestInvoker.java:676)
at org.testng.internal.TestInvoker.invokeMethod(TestInvoker.java:660)
at org.testng.internal.TestInvoker.invokeTestMethod(TestInvoker.java:173)
at org.testng.internal.MethodRunner.runInSequence(MethodRunner.java:46)
at org.testng.internal.TestInvoker$MethodInvocationAgent.invoke(TestInvoker.java:824)
at org.testng.internal.TestInvoker.invokeTestMethods(TestInvoker.java:146)
at org.testng.internal.TestMethodWorker.invokeTestMethods(TestMethodWorker.java:146)
at org.testng.internal.TestMethodWorker.run(TestMethodWorker.java:128)
at java.base/java.util.ArrayList.forEach(ArrayList.java:1596)
at org.testng.TestRunner.privateRun(TestRunner.java:794)
at org.testng.TestRunner.run(TestRunner.java:596)
at org.testng.SuiteRunner.runTest(SuiteRunner.java:377)
at org.testng.SuiteRunner.runSequentially(SuiteRunner.java:371)
at org.testng.SuiteRunner.privateRun(SuiteRunner.java:332)
at org.testng.SuiteRunner.run(SuiteRunner.java:276)
at org.testng.SuiteRunnerWorker.runSuite(SuiteRunnerWorker.java:53)
at org.testng.SuiteRunnerWorker.run(SuiteRunnerWorker.java:96)
at org.testng.TestNG.runSuitesSequentially(TestNG.java:1212)
at org.testng.TestNG.runSuitesLocally(TestNG.java:1134)
at org.testng.TestNG.runSuites(TestNG.java:1063)
at org.testng.TestNG.run(TestNG.java:1031)
at org.testng.remote.AbstractRemoteTestNG.run(AbstractRemoteTestNG.java:115)
at org.testng.remote.RemoteTestNG.initAndRun(RemoteTestNG.java:293)
at org.testng.remote.RemoteTestNG.main(RemoteTestNG.java:91)
]]>
            </full-stacktrace>
          </exception> <!-- org.openqa.selenium.ElementClickInterceptedException -->
          <reporter-output>
          </reporter-output>
        </test-method> <!-- performingLogout -->
        <test-method is-config="true" signature="closingBrowser()[pri:0, instance:testscripts.VerifyMyLikes@7e07db1f]" started-at="2024-09-24T10:47:44 CEST" name="closingBrowser" finished-at="2024-09-24T10:47:44 CEST" duration-ms="97" status="PASS">
          <reporter-output>
            <line>
              <![CDATA[Closing Browser]]>
            </line>
          </reporter-output>
        </test-method> <!-- closingBrowser -->
        <test-method is-config="true" signature="extentReportFlush()[pri:0, instance:testscripts.VerifyMyLikes@7e07db1f]" started-at="2024-09-24T10:47:44 CEST" name="extentReportFlush" finished-at="2024-09-24T10:47:45 CEST" duration-ms="202" status="PASS">
          <reporter-output>
            <line>
              <![CDATA[Execution Ended]]>
            </line>
          </reporter-output>
        </test-method> <!-- extentReportFlush -->
      </class> <!-- testscripts.VerifyMyLikes -->
    </test> <!-- Default test -->
  </suite> <!-- Default suite -->
</testng-results>
